2023-03-20 19:29:11.565 [info] Starting worker process with pid 5996 (type: fileWatcher, window: 1).
2023-03-20 19:34:44.804 [info] Worker process with pid 5996 terminated normally (type: fileWatcher, window: 1).
2023-03-20 19:34:45.829 [info] Starting worker process with pid 10948 (type: fileWatcher, window: 1).
2023-03-20 19:35:07.681 [info] Getting Manifest... jnoortheen.nix-ide
2023-03-20 19:35:07.702 [info] Installing extension: jnoortheen.nix-ide
2023-03-20 19:35:10.465 [info] Extracted extension to /home/aquinary/.vscode/extensions/.f8d0ea05-352b-449a-9af8-2881437c6df2: jnoortheen.nix-ide
2023-03-20 19:35:10.477 [info] Renamed to /home/aquinary/.vscode/extensions/jnoortheen.nix-ide-0.2.1
2023-03-20 19:35:10.478 [info] Extracting completed. jnoortheen.nix-ide
2023-03-20 19:35:10.479 [info] Extension installed successfully: jnoortheen.nix-ide
2023-03-20 19:35:11.809 [info] Getting Manifest... pinage404.nix-extension-pack
2023-03-20 19:35:11.820 [info] Installing extension: pinage404.nix-extension-pack
2023-03-20 19:35:12.274 [info] Getting Manifest... arrterian.nix-env-selector
2023-03-20 19:35:13.141 [info] Getting Manifest... jnoortheen.nix-ide
2023-03-20 19:35:13.163 [info] Getting Manifest... mkhl.direnv
2023-03-20 19:35:14.076 [info] Installing extension: arrterian.nix-env-selector pinage404.nix-extension-pack
2023-03-20 19:35:14.076 [info] Installing extension: mkhl.direnv pinage404.nix-extension-pack
2023-03-20 19:35:17.888 [info] Extracted extension to /home/aquinary/.vscode/extensions/.ef3a1f89-8051-42a6-99ae-9f6d83655bea: mkhl.direnv
2023-03-20 19:35:17.892 [info] Renamed to /home/aquinary/.vscode/extensions/mkhl.direnv-0.10.1
2023-03-20 19:35:17.894 [info] Extracting completed. mkhl.direnv
2023-03-20 19:35:17.991 [info] Extracted extension to /home/aquinary/.vscode/extensions/.1c33c91e-66dd-45dd-b132-8f256e449180: arrterian.nix-env-selector
2023-03-20 19:35:18.003 [info] Renamed to /home/aquinary/.vscode/extensions/arrterian.nix-env-selector-1.0.9
2023-03-20 19:35:18.010 [info] Extracting completed. arrterian.nix-env-selector
2023-03-20 19:35:19.921 [info] Extracted extension to /home/aquinary/.vscode/extensions/.e5fbbd68-d8da-4526-a8cd-6b1a175a4699: pinage404.nix-extension-pack
2023-03-20 19:35:19.931 [info] Renamed to /home/aquinary/.vscode/extensions/pinage404.nix-extension-pack-3.0.0
2023-03-20 19:35:19.943 [info] Extracting completed. pinage404.nix-extension-pack
2023-03-20 19:35:19.948 [info] Extension installed successfully: mkhl.direnv
2023-03-20 19:35:19.948 [info] Extension installed successfully: arrterian.nix-env-selector
2023-03-20 19:35:19.949 [info] Extension installed successfully: pinage404.nix-extension-pack
