2023-03-20 19:29:11.247 [info] Extension host with pid 5964 started
2023-03-20 19:29:11.376 [info] ExtensionService#_doActivateExtension vscode.microsoft-authentication, startup: false, activationEvent: 'onAuthenticationRequest:microsoft'
2023-03-20 19:29:11.376 [info] ExtensionService#_doActivateExtension vscode.git-base, startup: true, activationEvent: '*'
2023-03-20 19:29:11.463 [info] ExtensionService#_doActivateExtension vscode.github, startup: true, activationEvent: '*'
2023-03-20 19:29:11.492 [info] Eager extensions activated
2023-03-20 19:29:11.496 [info] ExtensionService#_doActivateExtension vscode.debug-auto-launch, startup: false, activationEvent: 'onStartupFinished'
2023-03-20 19:29:11.496 [info] ExtensionService#_doActivateExtension vscode.emmet, startup: false, activationEvent: 'onStartupFinished'
2023-03-20 19:29:11.496 [info] ExtensionService#_doActivateExtension vscode.merge-conflict, startup: false, activationEvent: 'onStartupFinished'
2023-03-20 19:29:11.788 [info] ExtensionService#_doActivateExtension vscode.github-authentication, startup: false, activationEvent: 'onAuthenticationRequest:github'
2023-03-20 19:29:14.497 [info] ExtensionService#_doActivateExtension vscode.git, startup: false, activationEvent: 'api', root cause: vscode.github
2023-03-20 19:34:44.781 [info] Extension host terminating: received terminate message from renderer
2023-03-20 19:34:44.788 [info] Extension host with pid 5964 exiting with code 0
2023-03-20 19:34:46.569 [info] Extension host with pid 10949 started
2023-03-20 19:34:46.569 [info] Skipping acquiring lock for /home/aquinary/.config/Code/User/workspaceStorage/8897680d276e818053e6aac24df90409.
2023-03-20 19:34:46.791 [info] ExtensionService#_doActivateExtension vscode.microsoft-authentication, startup: false, activationEvent: 'onAuthenticationRequest:microsoft'
2023-03-20 19:34:46.791 [info] ExtensionService#_doActivateExtension vscode.git-base, startup: true, activationEvent: '*'
2023-03-20 19:34:46.843 [info] ExtensionService#_doActivateExtension vscode.github, startup: true, activationEvent: '*'
2023-03-20 19:34:46.851 [info] Eager extensions activated
2023-03-20 19:34:46.855 [info] ExtensionService#_doActivateExtension vscode.debug-auto-launch, startup: false, activationEvent: 'onStartupFinished'
2023-03-20 19:34:46.856 [info] ExtensionService#_doActivateExtension vscode.emmet, startup: false, activationEvent: 'onStartupFinished'
2023-03-20 19:34:46.856 [info] ExtensionService#_doActivateExtension vscode.merge-conflict, startup: false, activationEvent: 'onStartupFinished'
2023-03-20 19:34:46.864 [info] ExtensionService#_doActivateExtension vscode.github-authentication, startup: false, activationEvent: 'onAuthenticationRequest:github'
2023-03-20 19:34:47.256 [info] ExtensionService#_doActivateExtension vscode.git, startup: false, activationEvent: 'api', root cause: vscode.github
2023-03-20 19:35:20.182 [info] ExtensionService#_doActivateExtension mkhl.direnv, startup: false, activationEvent: '*'
2023-03-20 19:35:20.183 [info] ExtensionService#_doActivateExtension arrterian.nix-env-selector, startup: false, activationEvent: '*'
2023-03-20 19:35:21.271 [error] TypeError: c.call is not a function
	at /home/aquinary/.vscode/extensions/arrterian.nix-env-selector-1.0.9/dist/main.js:2538:310
2023-03-20 19:35:36.262 [info] ExtensionService#_doActivateExtension jnoortheen.nix-ide, startup: false, activationEvent: 'onLanguage:nix'
2023-03-20 19:42:37.555 [info] ExtensionService#_doActivateExtension vscode.configuration-editing, startup: false, activationEvent: 'onLanguage:jsonc'
2023-03-20 19:42:37.555 [info] ExtensionService#_doActivateExtension vscode.json-language-features, startup: false, activationEvent: 'onLanguage:jsonc'
2023-03-20 19:42:37.555 [info] ExtensionService#_doActivateExtension vscode.typescript-language-features, startup: false, activationEvent: 'onLanguage:jsonc'
2023-03-20 19:57:20.034 [info] Extension host terminating: received terminate message from renderer
2023-03-20 19:57:20.142 [info] Extension host with pid 10949 exiting with code 0
