2023-03-20 19:29:14.618 [info] Validating found git in: git
2023-03-20 19:29:14.618 [info] Using git 2.38.4 from git
2023-03-20 19:29:17.092 [info] > git rev-parse --show-toplevel [3ms]
2023-03-20 19:29:17.092 [info] fatal: not a git repository (or any parent up to mount point /run/media/aquinary)
Stopping at filesystem boundary (GIT_DISCOVERY_ACROSS_FILESYSTEM not set).
2023-03-20 19:34:47.433 [info] Validating found git in: git
2023-03-20 19:34:47.433 [info] Using git 2.38.4 from git
2023-03-20 19:34:47.433 [info] > git rev-parse --show-toplevel [13ms]
2023-03-20 19:34:47.433 [info] > git rev-parse --git-dir --git-common-dir [2ms]
2023-03-20 19:34:47.433 [info] Log level: Info
2023-03-20 19:34:47.433 [info] Open repository: /home/aquinary/Git/nixos
2023-03-20 19:34:47.433 [info] > git remote --verbose [19ms]
2023-03-20 19:34:47.433 [info] > git for-each-ref --sort -committerdate --format %(refname) %(objectname) %(*objectname) [24ms]
2023-03-20 19:34:47.433 [info] > git config --get commit.template [12ms]
2023-03-20 19:34:47.433 [info] > git rev-parse --show-toplevel [21ms]
2023-03-20 19:34:47.445 [info] > git rev-parse --show-toplevel [14ms]
2023-03-20 19:34:47.450 [info] > git for-each-ref --format=%(refname)%00%(upstream:short)%00%(objectname)%00%(upstream:track)%00%(upstream:remotename)%00%(upstream:remoteref) refs/heads/master refs/remotes/master [6ms]
2023-03-20 19:34:47.451 [info] > git rev-parse --show-toplevel [2ms]
2023-03-20 19:34:47.457 [info] > git rev-parse --show-toplevel [2ms]
2023-03-20 19:34:47.463 [info] > git rev-parse --show-toplevel [2ms]
2023-03-20 19:34:47.977 [info] > git check-ignore -v -z --stdin [99ms]
2023-03-20 19:34:52.678 [info] > git show --textconv :configuration.nix [13ms]
2023-03-20 19:34:52.684 [info] > git ls-files --stage -- /home/aquinary/Git/nixos/configuration.nix [14ms]
2023-03-20 19:34:52.690 [info] > git cat-file -s b73ae6b8751d202e519a3800cee60403de378878 [1ms]
2023-03-20 19:34:55.020 [info] > git status -z -uall [7662ms]
2023-03-20 19:34:55.042 [info] > git remote --verbose [10ms]
2023-03-20 19:34:55.042 [info] > git for-each-ref --sort -committerdate --format %(refname) %(objectname) %(*objectname) [14ms]
2023-03-20 19:34:55.043 [info] > git config --get commit.template [1ms]
2023-03-20 19:34:55.066 [info] > git for-each-ref --format=%(refname)%00%(upstream:short)%00%(objectname)%00%(upstream:track)%00%(upstream:remotename)%00%(upstream:remoteref) refs/heads/master refs/remotes/master [2ms]
2023-03-20 19:34:56.448 [info] > git status -z -uall [1413ms]
2023-03-20 19:35:36.505 [info] > git show --textconv :configuration.nix [15ms]
2023-03-20 19:35:36.510 [info] > git ls-files --stage -- /home/aquinary/Git/nixos/configuration.nix [16ms]
2023-03-20 19:35:36.516 [info] > git cat-file -s b73ae6b8751d202e519a3800cee60403de378878 [1ms]
2023-03-20 19:35:47.940 [info] > git remote --verbose [16ms]
2023-03-20 19:35:47.941 [info] > git for-each-ref --sort -committerdate --format %(refname) %(objectname) %(*objectname) [30ms]
2023-03-20 19:35:47.943 [info] > git config --get commit.template [4ms]
2023-03-20 19:35:47.971 [info] > git for-each-ref --format=%(refname)%00%(upstream:short)%00%(objectname)%00%(upstream:track)%00%(upstream:remotename)%00%(upstream:remoteref) refs/heads/master refs/remotes/master [23ms]
2023-03-20 19:35:49.330 [info] > git status -z -uall [1399ms]
2023-03-20 19:35:58.925 [info] > git remote --verbose [26ms]
2023-03-20 19:35:58.926 [info] > git for-each-ref --sort -committerdate --format %(refname) %(objectname) %(*objectname) [40ms]
2023-03-20 19:35:58.941 [info] > git config --get commit.template [17ms]
2023-03-20 19:35:58.953 [info] > git for-each-ref --format=%(refname)%00%(upstream:short)%00%(objectname)%00%(upstream:track)%00%(upstream:remotename)%00%(upstream:remoteref) refs/heads/master refs/remotes/master [14ms]
2023-03-20 19:36:00.196 [info] > git status -z -uall [1286ms]
2023-03-20 19:36:11.760 [info] > git check-ignore -v -z --stdin [49ms]
2023-03-20 19:36:18.311 [info] > git check-ignore -v -z --stdin [15ms]
2023-03-20 19:36:31.693 [info] > git check-ignore -v -z --stdin [22ms]
2023-03-20 19:36:37.259 [info] > git check-ignore -v -z --stdin [21ms]
2023-03-20 19:36:41.530 [info] > git check-ignore -v -z --stdin [36ms]
2023-03-20 19:42:17.635 [info] > git remote --verbose [15ms]
2023-03-20 19:42:17.636 [info] > git for-each-ref --sort -committerdate --format %(refname) %(objectname) %(*objectname) [21ms]
2023-03-20 19:42:17.636 [info] > git config --get commit.template [3ms]
2023-03-20 19:42:17.659 [info] > git for-each-ref --format=%(refname)%00%(upstream:short)%00%(objectname)%00%(upstream:track)%00%(upstream:remotename)%00%(upstream:remoteref) refs/heads/master refs/remotes/master [8ms]
2023-03-20 19:42:18.860 [info] > git status -z -uall [1236ms]
2023-03-20 19:42:34.452 [info] > git remote --verbose [18ms]
2023-03-20 19:42:34.452 [info] > git for-each-ref --sort -committerdate --format %(refname) %(objectname) %(*objectname) [26ms]
2023-03-20 19:42:34.467 [info] > git config --get commit.template [15ms]
2023-03-20 19:42:34.469 [info] > git for-each-ref --format=%(refname)%00%(upstream:short)%00%(objectname)%00%(upstream:track)%00%(upstream:remotename)%00%(upstream:remoteref) refs/heads/master refs/remotes/master [3ms]
2023-03-20 19:42:35.688 [info] > git status -z -uall [1250ms]
2023-03-20 19:42:37.511 [info] > git rev-parse --show-toplevel [1ms]
2023-03-20 19:42:37.511 [info] fatal: not a git repository (or any parent up to mount point /run/media/aquinary)
Stopping at filesystem boundary (GIT_DISCOVERY_ACROSS_FILESYSTEM not set).
2023-03-20 19:42:40.715 [info] > git remote --verbose [12ms]
2023-03-20 19:42:40.716 [info] > git for-each-ref --sort -committerdate --format %(refname) %(objectname) %(*objectname) [20ms]
2023-03-20 19:42:40.718 [info] > git config --get commit.template [5ms]
2023-03-20 19:42:40.738 [info] > git for-each-ref --format=%(refname)%00%(upstream:short)%00%(objectname)%00%(upstream:track)%00%(upstream:remotename)%00%(upstream:remoteref) refs/heads/master refs/remotes/master [0ms]
2023-03-20 19:42:41.943 [info] > git status -z -uall [1237ms]
2023-03-20 19:57:18.648 [info] > git config --get commit.template [6ms]
2023-03-20 19:57:18.648 [info] > git remote --verbose [20ms]
2023-03-20 19:57:18.656 [info] > git for-each-ref --sort -committerdate --format %(refname) %(objectname) %(*objectname) [32ms]
2023-03-20 19:57:18.656 [info] > git for-each-ref --format=%(refname)%00%(upstream:short)%00%(objectname)%00%(upstream:track)%00%(upstream:remotename)%00%(upstream:remoteref) refs/heads/master refs/remotes/master [10ms]
