2023-03-20 22:54:53.272 [info] Added views:workbench.panel.markers.view in workbench.panel.markers
2023-03-20 22:54:53.272 [info] Added views:workbench.panel.output in workbench.panel.output
2023-03-20 22:54:53.272 [info] Added views:terminal in terminal
2023-03-20 22:54:53.272 [info] Added views:outline in workbench.view.explorer
2023-03-20 22:54:53.272 [info] Added views:workbench.scm in workbench.view.scm
2023-03-20 22:54:53.272 [info] Added views:workbench.view.search in workbench.view.search
2023-03-20 22:54:53.272 [info] Added views:timeline in workbench.view.explorer
2023-03-20 22:54:53.272 [info] Added views:workbench.explorer.fileView in workbench.view.explorer
2023-03-20 22:54:53.416 [info] Added views:workbench.debug.welcome in workbench.view.debug
2023-03-20 22:54:54.265 [info] Added views:workbench.panel.repl.view in workbench.panel.repl
2023-03-20 22:55:00.555 [info] Added views:workbench.views.extensions.installed,workbench.views.extensions.popular,extensions.recommendedList in workbench.view.extensions
2023-03-20 22:55:00.561 [info] Removed views:workbench.views.extensions.popular from workbench.view.extensions
2023-03-20 22:55:08.370 [info] Added views:workbench.panel.markers.view in workbench.panel.markers
2023-03-20 22:55:08.370 [info] Added views:workbench.panel.output in workbench.panel.output
2023-03-20 22:55:08.370 [info] Added views:terminal in terminal
2023-03-20 22:55:08.370 [info] Added views:outline in workbench.view.explorer
2023-03-20 22:55:08.370 [info] Added views:workbench.scm in workbench.view.scm
2023-03-20 22:55:08.370 [info] Added views:workbench.view.search in workbench.view.search
2023-03-20 22:55:08.370 [info] Added views:timeline in workbench.view.explorer
2023-03-20 22:55:08.370 [info] Added views:workbench.explorer.fileView in workbench.view.explorer
2023-03-20 22:55:08.423 [info] Added views:workbench.debug.welcome in workbench.view.debug
2023-03-20 22:55:08.589 [info] Added views:workbench.views.extensions.installed,extensions.recommendedList in workbench.view.extensions
2023-03-20 22:55:09.551 [info] Added views:workbench.panel.repl.view in workbench.panel.repl
2023-03-20 22:55:09.704 [info] Added views:workbench.views.extensions.popular in workbench.view.extensions
2023-03-20 23:23:57.245 [info] Removed views:extensions.recommendedList,workbench.views.extensions.popular,workbench.views.extensions.installed from workbench.view.extensions
2023-03-20 23:23:57.450 [info] Added views:workbench.views.extensions.marketplace in workbench.view.extensions
