2023-03-20 23:30:31.864 [info] Validating found git in: git
2023-03-20 23:30:31.864 [info] Using git 2.38.4 from git
2023-03-20 23:30:31.864 [info] > git rev-parse --show-toplevel [76ms]
2023-03-20 23:30:31.905 [info] > git rev-parse --git-dir --git-common-dir [104ms]
2023-03-20 23:30:31.920 [info] Log level: Info
2023-03-20 23:30:31.920 [info] Open repository: /home/aquinary/Git/nixos
2023-03-20 23:30:32.006 [info] > git remote --verbose [68ms]
2023-03-20 23:30:32.007 [info] > git for-each-ref --sort -committerdate --format %(refname) %(objectname) %(*objectname) [77ms]
2023-03-20 23:30:32.009 [info] > git config --get commit.template [19ms]
2023-03-20 23:30:32.010 [info] > git rev-parse --show-toplevel [40ms]
2023-03-20 23:30:32.067 [info] > git rev-parse --show-toplevel [16ms]
2023-03-20 23:30:32.094 [info] > git for-each-ref --format=%(refname)%00%(upstream:short)%00%(objectname)%00%(upstream:track)%00%(upstream:remotename)%00%(upstream:remoteref) refs/heads/master refs/remotes/master [31ms]
2023-03-20 23:30:32.095 [info] > git rev-parse --show-toplevel [2ms]
2023-03-20 23:30:32.110 [info] > git rev-parse --show-toplevel [6ms]
2023-03-20 23:30:32.123 [info] > git rev-parse --show-toplevel [1ms]
2023-03-20 23:30:32.418 [info] > git show --textconv :configuration.nix [19ms]
2023-03-20 23:30:32.458 [info] > git ls-files --stage -- /home/aquinary/Git/nixos/configuration.nix [41ms]
2023-03-20 23:30:32.476 [info] > git cat-file -s b73ae6b8751d202e519a3800cee60403de378878 [8ms]
2023-03-20 23:30:32.945 [info] > git check-ignore -v -z --stdin [73ms]
2023-03-20 23:30:34.416 [info] > git status -z -uall [2464ms]
2023-03-20 23:30:34.460 [info] > git remote --verbose [22ms]
2023-03-20 23:30:34.461 [info] > git for-each-ref --sort -committerdate --format %(refname) %(objectname) %(*objectname) [28ms]
2023-03-20 23:30:34.470 [info] > git config --get commit.template [11ms]
2023-03-20 23:30:34.496 [info] > git for-each-ref --format=%(refname)%00%(upstream:short)%00%(objectname)%00%(upstream:track)%00%(upstream:remotename)%00%(upstream:remoteref) refs/heads/master refs/remotes/master [4ms]
2023-03-20 23:30:35.960 [info] > git status -z -uall [1516ms]
