2023-03-20 22:54:54.143 [info] Extension host with pid 152189 started
2023-03-20 22:54:54.143 [info] Skipping acquiring lock for /home/aquinary/.config/Code/User/workspaceStorage/8897680d276e818053e6aac24df90409.
2023-03-20 22:54:54.280 [info] ExtensionService#_doActivateExtension vscode.microsoft-authentication, startup: false, activationEvent: 'onAuthenticationRequest:microsoft'
2023-03-20 22:54:54.281 [info] ExtensionService#_doActivateExtension vscode.git-base, startup: true, activationEvent: '*', root cause: vscode.git
2023-03-20 22:54:54.281 [info] ExtensionService#_doActivateExtension arrterian.nix-env-selector, startup: true, activationEvent: '*'
2023-03-20 22:54:54.281 [info] ExtensionService#_doActivateExtension mkhl.direnv, startup: true, activationEvent: '*'
2023-03-20 22:54:54.529 [info] ExtensionService#_doActivateExtension vscode.git, startup: true, activationEvent: '*'
2023-03-20 22:54:54.529 [info] ExtensionService#_doActivateExtension vscode.github, startup: true, activationEvent: '*'
2023-03-20 22:54:54.676 [info] Eager extensions activated
2023-03-20 22:54:54.939 [info] ExtensionService#_doActivateExtension vscode.debug-auto-launch, startup: false, activationEvent: 'onStartupFinished'
2023-03-20 22:54:54.939 [info] ExtensionService#_doActivateExtension vscode.emmet, startup: false, activationEvent: 'onStartupFinished'
2023-03-20 22:54:54.940 [info] ExtensionService#_doActivateExtension vscode.merge-conflict, startup: false, activationEvent: 'onStartupFinished'
2023-03-20 22:54:55.078 [info] ExtensionService#_doActivateExtension vscode.github-authentication, startup: false, activationEvent: 'onAuthenticationRequest:github'
2023-03-20 22:54:55.439 [error] TypeError: c.call is not a function
	at /home/aquinary/.vscode/extensions/arrterian.nix-env-selector-1.0.9/dist/main.js:2538:310
2023-03-20 22:55:07.789 [info] Extension host terminating: received terminate message from renderer
2023-03-20 22:55:07.802 [info] Extension host with pid 152189 exiting with code 0
2023-03-20 22:55:09.449 [info] Extension host with pid 152481 started
2023-03-20 22:55:09.449 [info] Skipping acquiring lock for /home/aquinary/.config/Code/User/workspaceStorage/8897680d276e818053e6aac24df90409.
2023-03-20 22:55:09.562 [info] ExtensionService#_doActivateExtension vscode.microsoft-authentication, startup: false, activationEvent: 'onAuthenticationRequest:microsoft'
2023-03-20 22:55:09.563 [info] ExtensionService#_doActivateExtension vscode.git-base, startup: true, activationEvent: '*', root cause: vscode.git
2023-03-20 22:55:09.848 [info] ExtensionService#_doActivateExtension vscode.git, startup: true, activationEvent: '*'
2023-03-20 22:55:09.849 [info] ExtensionService#_doActivateExtension vscode.github, startup: true, activationEvent: '*'
2023-03-20 22:55:10.061 [info] Eager extensions activated
2023-03-20 22:55:10.112 [info] ExtensionService#_doActivateExtension vscode.debug-auto-launch, startup: false, activationEvent: 'onStartupFinished'
2023-03-20 22:55:10.113 [info] ExtensionService#_doActivateExtension vscode.emmet, startup: false, activationEvent: 'onStartupFinished'
2023-03-20 22:55:10.113 [info] ExtensionService#_doActivateExtension vscode.merge-conflict, startup: false, activationEvent: 'onStartupFinished'
2023-03-20 22:55:10.205 [info] ExtensionService#_doActivateExtension vscode.github-authentication, startup: false, activationEvent: 'onAuthenticationRequest:github'
2023-03-20 23:19:04.959 [info] ExtensionService#_doActivateExtension vscode.configuration-editing, startup: false, activationEvent: 'onLanguage:jsonc'
2023-03-20 23:19:04.959 [info] ExtensionService#_doActivateExtension vscode.json-language-features, startup: false, activationEvent: 'onLanguage:jsonc'
2023-03-20 23:19:04.960 [info] ExtensionService#_doActivateExtension vscode.typescript-language-features, startup: false, activationEvent: 'onLanguage:jsonc'
2023-03-20 23:30:17.071 [info] Extension host terminating: received terminate message from renderer
2023-03-20 23:30:17.094 [error] Error: read ECONNRESET
	at Pipe.onStreamRead (node:internal/stream_base_commons:217:20)
2023-03-20 23:30:17.096 [info] Extension host with pid 152481 exiting with code 0
