2023-03-20 22:54:55.106 [info] Validating found git in: git
2023-03-20 22:54:55.106 [info] Using git 2.38.4 from git
2023-03-20 22:54:55.107 [info] > git rev-parse --show-toplevel [5ms]
2023-03-20 22:54:55.107 [info] > git rev-parse --git-dir --git-common-dir [1ms]
2023-03-20 22:54:55.107 [info] Log level: Info
2023-03-20 22:54:55.107 [info] Open repository: /home/aquinary/Git/nixos
2023-03-20 22:54:55.107 [info] > git remote --verbose [39ms]
2023-03-20 22:54:55.107 [info] > git for-each-ref --sort -committerdate --format %(refname) %(objectname) %(*objectname) [61ms]
2023-03-20 22:54:55.107 [info] > git config --get commit.template [3ms]
2023-03-20 22:54:55.107 [info] > git rev-parse --show-toplevel [16ms]
2023-03-20 22:54:55.107 [info] fatal: not a git repository (or any parent up to mount point /run/media/aquinary)
Stopping at filesystem boundary (GIT_DISCOVERY_ACROSS_FILESYSTEM not set).
2023-03-20 22:54:55.107 [info] > git rev-parse --show-toplevel [32ms]
2023-03-20 22:54:55.107 [info] > git for-each-ref --format=%(refname)%00%(upstream:short)%00%(objectname)%00%(upstream:track)%00%(upstream:remotename)%00%(upstream:remoteref) refs/heads/master refs/remotes/master [8ms]
2023-03-20 22:54:55.107 [info] > git rev-parse --show-toplevel [3ms]
2023-03-20 22:54:55.107 [info] > git rev-parse --show-toplevel [3ms]
2023-03-20 22:54:55.107 [info] > git rev-parse --show-toplevel [2ms]
2023-03-20 22:54:55.107 [info] > git rev-parse --show-toplevel [2ms]
2023-03-20 22:54:55.545 [info] > git check-ignore -v -z --stdin [42ms]
2023-03-20 22:54:56.230 [info] > git status -z -uall [1491ms]
2023-03-20 22:54:56.252 [info] > git for-each-ref --sort -committerdate --format %(refname) %(objectname) %(*objectname) [13ms]
2023-03-20 22:54:56.259 [info] > git config --get commit.template [1ms]
2023-03-20 22:54:56.259 [info] > git remote --verbose [14ms]
2023-03-20 22:54:56.267 [info] > git for-each-ref --format=%(refname)%00%(upstream:short)%00%(objectname)%00%(upstream:track)%00%(upstream:remotename)%00%(upstream:remoteref) refs/heads/master refs/remotes/master [3ms]
2023-03-20 22:54:57.563 [info] > git status -z -uall [1313ms]
2023-03-20 22:55:10.146 [info] Validating found git in: git
2023-03-20 22:55:10.146 [info] Using git 2.38.4 from git
2023-03-20 22:55:10.146 [info] > git rev-parse --show-toplevel [5ms]
2023-03-20 22:55:10.146 [info] > git rev-parse --git-dir --git-common-dir [1ms]
2023-03-20 22:55:10.146 [info] Log level: Info
2023-03-20 22:55:10.146 [info] Open repository: /home/aquinary/Git/nixos
2023-03-20 22:55:10.170 [info] > git remote --verbose [76ms]
2023-03-20 22:55:10.171 [info] > git for-each-ref --sort -committerdate --format %(refname) %(objectname) %(*objectname) [82ms]
2023-03-20 22:55:10.174 [info] > git rev-parse --show-toplevel [64ms]
2023-03-20 22:55:10.174 [info] fatal: not a git repository (or any parent up to mount point /run/media/aquinary)
Stopping at filesystem boundary (GIT_DISCOVERY_ACROSS_FILESYSTEM not set).
2023-03-20 22:55:10.199 [info] > git rev-parse --show-toplevel [20ms]
2023-03-20 22:55:10.204 [info] > git config --get commit.template [34ms]
2023-03-20 22:55:10.229 [info] > git rev-parse --show-toplevel [25ms]
2023-03-20 22:55:10.235 [info] > git for-each-ref --format=%(refname)%00%(upstream:short)%00%(objectname)%00%(upstream:track)%00%(upstream:remotename)%00%(upstream:remoteref) refs/heads/master refs/remotes/master [35ms]
2023-03-20 22:55:10.236 [info] > git rev-parse --show-toplevel [3ms]
2023-03-20 22:55:10.242 [info] > git rev-parse --show-toplevel [2ms]
2023-03-20 22:55:10.249 [info] > git rev-parse --show-toplevel [1ms]
2023-03-20 22:55:10.700 [info] > git check-ignore -v -z --stdin [15ms]
2023-03-20 22:55:11.550 [info] > git status -z -uall [1451ms]
2023-03-20 22:55:11.577 [info] > git remote --verbose [11ms]
2023-03-20 22:55:11.578 [info] > git for-each-ref --sort -committerdate --format %(refname) %(objectname) %(*objectname) [18ms]
2023-03-20 22:55:11.579 [info] > git config --get commit.template [4ms]
2023-03-20 22:55:11.605 [info] > git for-each-ref --format=%(refname)%00%(upstream:short)%00%(objectname)%00%(upstream:track)%00%(upstream:remotename)%00%(upstream:remoteref) refs/heads/master refs/remotes/master [4ms]
2023-03-20 22:55:12.980 [info] > git status -z -uall [1411ms]
2023-03-20 22:55:13.774 [info] > git show --textconv :configuration.nix [13ms]
2023-03-20 22:55:13.781 [info] > git ls-files --stage -- /home/aquinary/Git/nixos/configuration.nix [14ms]
2023-03-20 22:55:13.788 [info] > git cat-file -s b73ae6b8751d202e519a3800cee60403de378878 [2ms]
2023-03-20 22:55:20.810 [info] > git remote --verbose [10ms]
2023-03-20 22:55:20.810 [info] > git for-each-ref --sort -committerdate --format %(refname) %(objectname) %(*objectname) [14ms]
2023-03-20 22:55:20.811 [info] > git config --get commit.template [2ms]
2023-03-20 22:55:20.817 [info] > git for-each-ref --format=%(refname)%00%(upstream:short)%00%(objectname)%00%(upstream:track)%00%(upstream:remotename)%00%(upstream:remoteref) refs/heads/master refs/remotes/master [2ms]
2023-03-20 22:55:22.115 [info] > git status -z -uall [1311ms]
2023-03-20 22:58:36.928 [info] > git remote --verbose [8ms]
2023-03-20 22:58:36.929 [info] > git for-each-ref --sort -committerdate --format %(refname) %(objectname) %(*objectname) [13ms]
2023-03-20 22:58:36.930 [info] > git config --get commit.template [2ms]
2023-03-20 22:58:36.937 [info] > git for-each-ref --format=%(refname)%00%(upstream:short)%00%(objectname)%00%(upstream:track)%00%(upstream:remotename)%00%(upstream:remoteref) refs/heads/master refs/remotes/master [2ms]
2023-03-20 22:58:38.187 [info] > git status -z -uall [1264ms]
2023-03-20 22:59:15.961 [info] > git remote --verbose [12ms]
2023-03-20 22:59:15.962 [info] > git for-each-ref --sort -committerdate --format %(refname) %(objectname) %(*objectname) [17ms]
2023-03-20 22:59:15.975 [info] > git config --get commit.template [14ms]
2023-03-20 22:59:15.984 [info] > git for-each-ref --format=%(refname)%00%(upstream:short)%00%(objectname)%00%(upstream:track)%00%(upstream:remotename)%00%(upstream:remoteref) refs/heads/master refs/remotes/master [10ms]
2023-03-20 22:59:17.296 [info] > git status -z -uall [1342ms]
2023-03-20 23:18:46.629 [info] > git remote --verbose [11ms]
2023-03-20 23:18:46.629 [info] > git for-each-ref --sort -committerdate --format %(refname) %(objectname) %(*objectname) [18ms]
2023-03-20 23:18:46.631 [info] > git config --get commit.template [2ms]
2023-03-20 23:18:46.640 [info] > git for-each-ref --format=%(refname)%00%(upstream:short)%00%(objectname)%00%(upstream:track)%00%(upstream:remotename)%00%(upstream:remoteref) refs/heads/master refs/remotes/master [2ms]
2023-03-20 23:18:48.008 [info] > git status -z -uall [1386ms]
2023-03-20 23:18:53.073 [info] > git remote --verbose [36ms]
2023-03-20 23:18:53.075 [info] > git for-each-ref --sort -committerdate --format %(refname) %(objectname) %(*objectname) [51ms]
2023-03-20 23:18:53.077 [info] > git config --get commit.template [7ms]
2023-03-20 23:18:53.147 [info] > git for-each-ref --format=%(refname)%00%(upstream:short)%00%(objectname)%00%(upstream:track)%00%(upstream:remotename)%00%(upstream:remoteref) refs/heads/master refs/remotes/master [36ms]
2023-03-20 23:18:54.463 [info] > git status -z -uall [1415ms]
2023-03-20 23:19:35.779 [info] > git show --textconv :configuration.nix [39ms]
2023-03-20 23:19:35.789 [info] > git ls-files --stage -- /home/aquinary/Git/nixos/configuration.nix [22ms]
2023-03-20 23:19:35.807 [info] > git cat-file -s b73ae6b8751d202e519a3800cee60403de378878 [6ms]
2023-03-20 23:23:51.722 [info] > git show --textconv :configuration.nix [24ms]
2023-03-20 23:23:51.749 [info] > git ls-files --stage -- /home/aquinary/Git/nixos/configuration.nix [39ms]
2023-03-20 23:23:51.762 [info] > git cat-file -s b73ae6b8751d202e519a3800cee60403de378878 [1ms]
2023-03-20 23:24:06.913 [info] > git show --textconv :configuration.nix [19ms]
2023-03-20 23:24:06.931 [info] > git ls-files --stage -- /home/aquinary/Git/nixos/configuration.nix [25ms]
2023-03-20 23:24:06.942 [info] > git cat-file -s b73ae6b8751d202e519a3800cee60403de378878 [1ms]
2023-03-20 23:30:07.639 [info] > git remote --verbose [19ms]
2023-03-20 23:30:07.640 [info] > git for-each-ref --sort -committerdate --format %(refname) %(objectname) %(*objectname) [29ms]
2023-03-20 23:30:07.652 [info] > git config --get commit.template [13ms]
2023-03-20 23:30:07.654 [info] > git for-each-ref --format=%(refname)%00%(upstream:short)%00%(objectname)%00%(upstream:track)%00%(upstream:remotename)%00%(upstream:remoteref) refs/heads/master refs/remotes/master [4ms]
2023-03-20 23:30:09.183 [info] > git status -z -uall [1557ms]
