2023-03-20 22:54:54.469 [info] Starting worker process with pid 152222 (type: fileWatcher, window: 1).
2023-03-20 22:55:02.407 [error] [uncaught exception in sharedProcess]: Cannot read properties of undefined (reading 'then'): TypeError: Cannot read properties of undefined (reading 'then')
    at a.onPromise (vscode-file://vscode-app/nix/store/67dkybn8pxfx0iqvqlrddvaaq3sv0a7d-vscode-1.73.1/lib/vscode/resources/app/out/vs/code/electron-browser/sharedProcess/sharedProcessMain.js:23:5934)
    at a.onRawMessage (vscode-file://vscode-app/nix/store/67dkybn8pxfx0iqvqlrddvaaq3sv0a7d-vscode-1.73.1/lib/vscode/resources/app/out/vs/code/electron-browser/sharedProcess/sharedProcessMain.js:23:5227)
    at vscode-file://vscode-app/nix/store/67dkybn8pxfx0iqvqlrddvaaq3sv0a7d-vscode-1.73.1/lib/vscode/resources/app/out/vs/code/electron-browser/sharedProcess/sharedProcessMain.js:23:4508
    at v.invoke (vscode-file://vscode-app/nix/store/67dkybn8pxfx0iqvqlrddvaaq3sv0a7d-vscode-1.73.1/lib/vscode/resources/app/out/vs/code/electron-browser/sharedProcess/sharedProcessMain.js:19:145)
    at p.deliver (vscode-file://vscode-app/nix/store/67dkybn8pxfx0iqvqlrddvaaq3sv0a7d-vscode-1.73.1/lib/vscode/resources/app/out/vs/code/electron-browser/sharedProcess/sharedProcessMain.js:19:2266)
    at y.fire (vscode-file://vscode-app/nix/store/67dkybn8pxfx0iqvqlrddvaaq3sv0a7d-vscode-1.73.1/lib/vscode/resources/app/out/vs/code/electron-browser/sharedProcess/sharedProcessMain.js:19:1844)
    at MessagePort.X (vscode-file://vscode-app/nix/store/67dkybn8pxfx0iqvqlrddvaaq3sv0a7d-vscode-1.73.1/lib/vscode/resources/app/out/vs/code/electron-browser/sharedProcess/sharedProcessMain.js:17:24062)
2023-03-20 22:55:04.486 [error] [uncaught exception in sharedProcess]: Cannot read properties of undefined (reading 'then'): TypeError: Cannot read properties of undefined (reading 'then')
    at a.onPromise (vscode-file://vscode-app/nix/store/67dkybn8pxfx0iqvqlrddvaaq3sv0a7d-vscode-1.73.1/lib/vscode/resources/app/out/vs/code/electron-browser/sharedProcess/sharedProcessMain.js:23:5934)
    at a.onRawMessage (vscode-file://vscode-app/nix/store/67dkybn8pxfx0iqvqlrddvaaq3sv0a7d-vscode-1.73.1/lib/vscode/resources/app/out/vs/code/electron-browser/sharedProcess/sharedProcessMain.js:23:5227)
    at vscode-file://vscode-app/nix/store/67dkybn8pxfx0iqvqlrddvaaq3sv0a7d-vscode-1.73.1/lib/vscode/resources/app/out/vs/code/electron-browser/sharedProcess/sharedProcessMain.js:23:4508
    at v.invoke (vscode-file://vscode-app/nix/store/67dkybn8pxfx0iqvqlrddvaaq3sv0a7d-vscode-1.73.1/lib/vscode/resources/app/out/vs/code/electron-browser/sharedProcess/sharedProcessMain.js:19:145)
    at p.deliver (vscode-file://vscode-app/nix/store/67dkybn8pxfx0iqvqlrddvaaq3sv0a7d-vscode-1.73.1/lib/vscode/resources/app/out/vs/code/electron-browser/sharedProcess/sharedProcessMain.js:19:2266)
    at y.fire (vscode-file://vscode-app/nix/store/67dkybn8pxfx0iqvqlrddvaaq3sv0a7d-vscode-1.73.1/lib/vscode/resources/app/out/vs/code/electron-browser/sharedProcess/sharedProcessMain.js:19:1844)
    at MessagePort.X (vscode-file://vscode-app/nix/store/67dkybn8pxfx0iqvqlrddvaaq3sv0a7d-vscode-1.73.1/lib/vscode/resources/app/out/vs/code/electron-browser/sharedProcess/sharedProcessMain.js:17:24062)
2023-03-20 22:55:05.711 [info] Uninstalling extension: pinage404.nix-extension-pack@3.0.0
2023-03-20 22:55:05.718 [info] Uninstalling extension: arrterian.nix-env-selector@1.0.9
2023-03-20 22:55:05.719 [info] Uninstalling extension: jnoortheen.nix-ide@0.2.1
2023-03-20 22:55:05.719 [info] Uninstalling extension: mkhl.direnv@0.10.1
2023-03-20 22:55:05.860 [info] Detected extension removed from another source arrterian.nix-env-selector
2023-03-20 22:55:05.861 [info] Detected extension removed from another source jnoortheen.nix-ide
2023-03-20 22:55:05.861 [info] Detected extension removed from another source mkhl.direnv
2023-03-20 22:55:05.862 [info] Detected extension removed from another source pinage404.nix-extension-pack
2023-03-20 22:55:06.229 [info] Successfully uninstalled extension: pinage404.nix-extension-pack@3.0.0
2023-03-20 22:55:06.381 [info] Successfully uninstalled extension: arrterian.nix-env-selector@1.0.9
2023-03-20 22:55:06.737 [info] Successfully uninstalled extension: jnoortheen.nix-ide@0.2.1
2023-03-20 22:55:06.884 [info] Successfully uninstalled extension: mkhl.direnv@0.10.1
2023-03-20 22:55:07.814 [info] Worker process with pid 152222 terminated normally (type: fileWatcher, window: 1).
2023-03-20 22:55:08.894 [info] Starting worker process with pid 152488 (type: fileWatcher, window: 1).
2023-03-20 23:24:01.507 [info] Getting Manifest... bbenoist.nix
2023-03-20 23:24:01.524 [info] Installing extension: bbenoist.nix
2023-03-20 23:24:04.351 [info] Extracted extension to /home/aquinary/.vscode/extensions/.6fd3499b-2670-4550-b817-ccac07a458cb: bbenoist.nix
2023-03-20 23:24:04.358 [info] Renamed to /home/aquinary/.vscode/extensions/bbenoist.nix-1.0.1
2023-03-20 23:24:04.360 [info] Extracting completed. bbenoist.nix
2023-03-20 23:24:04.361 [info] Extension installed successfully: bbenoist.nix
